<?xml version="1.0" encoding="UTF-8"?>
<testsuite xmlns:xsi="http://www.w3.org/2001/XMLSchema-instance" xsi:noNamespaceSchemaLocation="https://maven.apache.org/surefire/maven-surefire-plugin/xsd/surefire-test-report-3.0.xsd" version="3.0" name="Test.LesionesDAOTest" time="0.045" tests="1" errors="0" skipped="0" failures="0">
  <properties>
[...]
</properties>
  <testcase name="precargarLesioneSiLasPrecarga" classname="Test.LesionesDAOTest" time="0.042">
    <system-out><![CDATA[Lesiones{id=6a02c23434f87614b0504d88, nombre=Hernia Discal}

Lesiones{id=6a02c23434f87614b0504d89, nombre=Desgarre en Manguito Rotador}

Lesiones{id=6a02c23434f87614b0504d8a, nombre=Esguince de Tobillo}

Lesiones{id=6a02c23434f87614b0504d8b, nombre=Artrosis de Rodilla}

Lesiones{id=6a02c23434f87614b0504d8c, nombre=Rotura de Algún Ligamento}

]]></system-out>
  </testcase>
</testsuite>